Using pre-set license
Built from '2020.3/staging' branch; Version is '2020.3.24f1 (79c78de19888) revision 7980941'; Using compiler version '192528614'; Build Type 'Release'
OS: 'Windows 11  (10.0.22000) 64bit CoreSingleLanguage' Language: 'pt' Physical Memory: 15720 MB
BatchMode: 1, IsHumanControllingUs: 0, StartBugReporterOnCrash: 0, Is64bit: 1, IsPro: 0

COMMAND LINE ARGUMENTS:
C:\Program Files\Unity 2020.3.24f1\Editor\Unity.exe
-adb2
-batchMode
-noUpm
-name
AssetImportWorker0
-projectPath
C:/GAME-EAST-WAR/EastWarGame
-logFile
Logs/AssetImportWorker0.log
-srvPort
49982
Successfully changed project path to: C:/GAME-EAST-WAR/EastWarGame
C:/GAME-EAST-WAR/EastWarGame
Using Asset Import Pipeline V2.
Refreshing native plugins compatible for Editor in 71.94 ms, found 3 plugins.
Preloading 0 native plugins for Editor in 0.00 ms.
Initialize engine version: 2020.3.24f1 (79c78de19888)
[Subsystems] Discovering subsystems at path C:/Program Files/Unity 2020.3.24f1/Editor/Data/Resources/UnitySubsystems
[Subsystems] Discovering subsystems at path C:/GAME-EAST-WAR/EastWarGame/Assets
GfxDevice: creating device client; threaded=0
Direct3D:
    Version:  Direct3D 11.0 [level 11.1]
    Renderer: NVIDIA GeForce RTX 3050 Laptop GPU (ID=0x25a2)
    Vendor:   
    VRAM:     3991 MB
    Driver:   30.0.15.1169
Initialize mono
Mono path[0] = 'C:/Program Files/Unity 2020.3.24f1/Editor/Data/Managed'
Mono path[1] = 'C:/Program Files/Unity 2020.3.24f1/Editor/Data/MonoBleedingEdge/lib/mono/unityjit'
Mono config path = 'C:/Program Files/Unity 2020.3.24f1/Editor/Data/MonoBleedingEdge/etc'
Using monoOptions --debugger-agent=transport=dt_socket,embedding=1,server=y,suspend=n,address=127.0.0.1:56624
Begin MonoManager ReloadAssembly
Registering precompiled unity dll's ...
Register platform support module: C:/Program Files/Unity 2020.3.24f1/Editor/Data/PlaybackEngines/WindowsStandaloneSupport/UnityEditor.WindowsStandalone.Extensions.dll
Registered in 0.002094 seconds.
Native extension for WindowsStandalone target not found
Refreshing native plugins compatible for Editor in 69.31 ms, found 3 plugins.
Preloading 0 native plugins for Editor in 0.00 ms.
Mono: successfully reloaded assembly
- Completed reload, in  0.812 seconds
Domain Reload Profiling:
	ReloadAssembly (812ms)
		BeginReloadAssembly (98ms)
			ExecutionOrderSort (0ms)
			DisableScriptedObjects (0ms)
			BackupInstance (0ms)
			ReleaseScriptingObjects (0ms)
			CreateAndSetChildDomain (1ms)
		EndReloadAssembly (606ms)
			LoadAssemblies (94ms)
			RebuildTransferFunctionScriptingTraits (0ms)
			SetupTypeCache (191ms)
			ReleaseScriptCaches (0ms)
			RebuildScriptCaches (36ms)
			SetupLoadedEditorAssemblies (250ms)
				LogAssemblyErrors (0ms)
				InitializePlatformSupportModulesInManaged (6ms)
				SetLoadedEditorAssemblies (0ms)
				RefreshPlugins (69ms)
				BeforeProcessingInitializeOnLoad (21ms)
				ProcessInitializeOnLoadAttributes (117ms)
				ProcessInitializeOnLoadMethodAttributes (36ms)
				AfterProcessingInitializeOnLoad (0ms)
				EditorAssembliesLoaded (0ms)
			ExecutionOrderSort2 (0ms)
			AwakeInstancesAfterBackupRestoration (0ms)
Platform modules already initialized, skipping
Registering precompiled user dll's ...
Registered in 0.008326 seconds.
Begin MonoManager ReloadAssembly
Native extension for WindowsStandalone target not found
Refreshing native plugins compatible for Editor in 69.24 ms, found 3 plugins.
Preloading 0 native plugins for Editor in 0.00 ms.
Mono: successfully reloaded assembly
- Completed reload, in  1.602 seconds
Domain Reload Profiling:
	ReloadAssembly (1603ms)
		BeginReloadAssembly (177ms)
			ExecutionOrderSort (0ms)
			DisableScriptedObjects (6ms)
			BackupInstance (0ms)
			ReleaseScriptingObjects (0ms)
			CreateAndSetChildDomain (30ms)
		EndReloadAssembly (1350ms)
			LoadAssemblies (120ms)
			RebuildTransferFunctionScriptingTraits (0ms)
			SetupTypeCache (405ms)
			ReleaseScriptCaches (1ms)
			RebuildScriptCaches (67ms)
			SetupLoadedEditorAssemblies (594ms)
				LogAssemblyErrors (0ms)
				InitializePlatformSupportModulesInManaged (6ms)
				SetLoadedEditorAssemblies (0ms)
				RefreshPlugins (69ms)
				BeforeProcessingInitializeOnLoad (122ms)
				ProcessInitializeOnLoadAttributes (361ms)
				ProcessInitializeOnLoadMethodAttributes (28ms)
				AfterProcessingInitializeOnLoad (7ms)
				EditorAssembliesLoaded (0ms)
			ExecutionOrderSort2 (0ms)
			AwakeInstancesAfterBackupRestoration (13ms)
Platform modules already initialized, skipping
========================================================================
Worker process is ready to serve import requests
Launched and connected shader compiler UnityShaderCompiler.exe after 0.08 seconds
Refreshing native plugins compatible for Editor in 0.76 ms, found 3 plugins.
Preloading 0 native plugins for Editor in 0.00 ms.
Unloading 2578 Unused Serialized files (Serialized files now loaded: 0)
System memory in use before: 108.8 MB.
System memory in use after: 109.0 MB.

Unloading 35 unused Assets to reduce memory usage. Loaded Objects now: 3008.
Total: 4.017100 ms (FindLiveObjects: 0.280500 ms CreateObjectMapping: 0.094900 ms MarkObjects: 3.536600 ms  DeleteObjects: 0.103600 ms)

AssetImportParameters requested are different than current active one (requested -> active):
  custom:framework-win-MediaFoundation: 216162199b28c13a410421893ffa2e32 -> 
  custom:video-decoder-ogg-theora: a1e56fd34408186e4bbccfd4996cb3dc -> 
  custom:container-muxer-webm: aa71ff27fc2769a1b78a27578f13a17b -> 
  custom:container-demuxer-webm: 4f35f7cbe854078d1ac9338744f61a02 -> 
  custom:container-demuxer-ogg: 62fdf1f143b41e24485cea50d1cbac27 -> 
  custom:video-encoder-webm-vp8: eb34c28f22e8b96e1ab97ce403110664 -> 
  custom:video-codec-MediaFoundation-h265: 746d11721c4dcdbdad8f713fa42b33f4 -> 
  custom:video-decoder-webm-vp8: 9c59270c3fd7afecdb556c50c9e8de78 -> 
  custom:audio-decoder-ogg-vorbis: bf7c407c2cedff20999df2af8eb42d56 -> 
  custom:audio-encoder-webm-vorbis: bf7c407c2cedff20999df2af8eb42d56 -> 
========================================================================
Received Import Request.
  path: Assets/Prefab/Resources/Bullet 1.prefab
  artifactKey: Guid(b7a0f323b6f42eb488a05429d7409f98) Importer(815301076,1909f56bfc062723c751e8b465ee728b)
Start importing Assets/Prefab/Resources/Bullet 1.prefab using Guid(b7a0f323b6f42eb488a05429d7409f98) Importer(815301076,1909f56bfc062723c751e8b465ee728b)  -> (artifact id: 'a57b26262d9bb1b68a4639e428537164') in 0.137020 seconds 
  Import took 0.144759 seconds .

========================================================================
Received Import Request.
  Time since last request: 0.000353 seconds.
  path: Assets/Prefab/Resources/parede.prefab
  artifactKey: Guid(cc3ac2198fb9de64bbd87b7234a126b9) Importer(815301076,1909f56bfc062723c751e8b465ee728b)
Start importing Assets/Prefab/Resources/parede.prefab using Guid(cc3ac2198fb9de64bbd87b7234a126b9) Importer(815301076,1909f56bfc062723c751e8b465ee728b)  -> (artifact id: 'bde0bd57ea1a5ecbd979bd672964b0a2') in 0.016233 seconds 
  Import took 0.024092 seconds .

========================================================================
Received Import Request.
  Time since last request: 0.000414 seconds.
  path: Assets/Prefab/Resources/Player.prefab
  artifactKey: Guid(fbd9945d8dc561440a6805f2e0551faf) Importer(815301076,1909f56bfc062723c751e8b465ee728b)
Start importing Assets/Prefab/Resources/Player.prefab using Guid(fbd9945d8dc561440a6805f2e0551faf) Importer(815301076,1909f56bfc062723c751e8b465ee728b)  -> (artifact id: '08114739a5b5314132b8a7d96d2adc01') in 0.047680 seconds 
  Import took 0.056027 seconds .

========================================================================
Received Import Request.
  Time since last request: 38.478725 seconds.
  path: Assets/PlayerData
  artifactKey: Guid(124c4f5220dff4141a0a47bbc5c7fc29) Importer(815301076,1909f56bfc062723c751e8b465ee728b)
Start importing Assets/PlayerData using Guid(124c4f5220dff4141a0a47bbc5c7fc29) Importer(815301076,1909f56bfc062723c751e8b465ee728b)  -> (artifact id: '2834eca8fffe1ec719f289f3fec01f69') in 0.003189 seconds 
  Import took 0.027925 seconds .

========================================================================
Received Import Request.
  Time since last request: 0.173671 seconds.
  path: Assets/PlayerData/PlayRussia.asset
  artifactKey: Guid(ffbd9137cfac58f43a29c1d82a5d2591) Importer(815301076,1909f56bfc062723c751e8b465ee728b)
Start importing Assets/PlayerData/PlayRussia.asset using Guid(ffbd9137cfac58f43a29c1d82a5d2591) Importer(815301076,1909f56bfc062723c751e8b465ee728b)  -> (artifact id: '87f191e0cc220c775a8335ceaaa51a68') in 0.006427 seconds 
  Import took 0.015106 seconds .

========================================================================
Received Import Request.
  Time since last request: 0.000565 seconds.
  path: Assets/PlayerData/PlayUcrania.asset
  artifactKey: Guid(c2f9314e636338a4c89b5ba96ef4647e) Importer(815301076,1909f56bfc062723c751e8b465ee728b)
Start importing Assets/PlayerData/PlayUcrania.asset using Guid(c2f9314e636338a4c89b5ba96ef4647e) Importer(815301076,1909f56bfc062723c751e8b465ee728b)  -> (artifact id: '9a66048ba31d3e9ac9a844a0ebda9e3e') in 0.003804 seconds 
  Import took 0.009035 seconds .

========================================================================
Received Import Request.
  Time since last request: 8.880528 seconds.
  path: Assets/Sound
  artifactKey: Guid(3a49ba0d38eeac248895225eda98de57) Importer(815301076,1909f56bfc062723c751e8b465ee728b)
Start importing Assets/Sound using Guid(3a49ba0d38eeac248895225eda98de57) Importer(815301076,1909f56bfc062723c751e8b465ee728b)  -> (artifact id: '7f6e3b692d41a744eb1093e80c484e53') in 0.002661 seconds 
  Import took 0.028720 seconds .

========================================================================
Received Import Request.
  Time since last request: 0.171338 seconds.
  path: Assets/Sound/World Conqueror 3 OST Devastation and Revenge.mp3
  artifactKey: Guid(89085691735459847871fd6863ad1036) Importer(815301076,1909f56bfc062723c751e8b465ee728b)
Start importing Assets/Sound/World Conqueror 3 OST Devastation and Revenge.mp3 using Guid(89085691735459847871fd6863ad1036) Importer(815301076,1909f56bfc062723c751e8b465ee728b)  -> (artifact id: '9ce405aff87aedd0ae3af352ace4e12a') in 0.073621 seconds 
  Import took 0.081261 seconds .

========================================================================
Received Import Request.
  Time since last request: 0.000481 seconds.
  path: Assets/Sound/X2Download.com - Mission Impossible Ghost Protocol  - 05 Kremlin With Anticipation (128 kbps).mp3
  artifactKey: Guid(66be8eb873a4bfb46861d3781c4f2f20) Importer(815301076,1909f56bfc062723c751e8b465ee728b)
Start importing Assets/Sound/X2Download.com - Mission Impossible Ghost Protocol  - 05 Kremlin With Anticipation (128 kbps).mp3 using Guid(66be8eb873a4bfb46861d3781c4f2f20) Importer(815301076,1909f56bfc062723c751e8b465ee728b)  -> (artifact id: 'ce32aaeb2edc8a74fa0998a880bf54f4') in 0.015692 seconds 
  Import took 0.022363 seconds .

========================================================================
Received Import Request.
  Time since last request: 0.000501 seconds.
  path: Assets/Sound/X2Download.com - Kevin MacLeod - The Descent (128 kbps).mp3
  artifactKey: Guid(ef5026ef3953476468b8f2d69fa83c99) Importer(815301076,1909f56bfc062723c751e8b465ee728b)
Start importing Assets/Sound/X2Download.com - Kevin MacLeod - The Descent (128 kbps).mp3 using Guid(ef5026ef3953476468b8f2d69fa83c99) Importer(815301076,1909f56bfc062723c751e8b465ee728b)  -> (artifact id: '586efbe86f3bb7c6deaf9180d7108de7') in 0.014054 seconds 
  Import took 0.020632 seconds .

========================================================================
Received Import Request.
  Time since last request: 1.680381 seconds.
  path: Assets/Sprits
  artifactKey: Guid(5b9f4dd66512fb04385d2ed303b60ebd) Importer(815301076,1909f56bfc062723c751e8b465ee728b)
Start importing Assets/Sprits using Guid(5b9f4dd66512fb04385d2ed303b60ebd) Importer(815301076,1909f56bfc062723c751e8b465ee728b)  -> (artifact id: '7024339a084bcec8e6e52483763344e4') in 0.002904 seconds 
  Import took 0.011647 seconds .

========================================================================
Received Import Request.
  Time since last request: 0.189262 seconds.
  path: Assets/Sprits/7f8b4d5d-ea46-4690-89e9-1535678933b9_scaled.png
  artifactKey: Guid(471b7b807e31bbd4cb55bdc8979254de) Importer(815301076,1909f56bfc062723c751e8b465ee728b)
Start importing Assets/Sprits/7f8b4d5d-ea46-4690-89e9-1535678933b9_scaled.png using Guid(471b7b807e31bbd4cb55bdc8979254de) Importer(815301076,1909f56bfc062723c751e8b465ee728b)  -> (artifact id: '2071ac33a69fa50bd832e9edf6a98932') in 0.079069 seconds 
  Import took 0.085934 seconds .

========================================================================
Received Import Request.
  Time since last request: 0.000513 seconds.
  path: Assets/Sprits/bg.png
  artifactKey: Guid(ccbc943c1eced5d43958971aac10e05b) Importer(815301076,1909f56bfc062723c751e8b465ee728b)
Start importing Assets/Sprits/bg.png using Guid(ccbc943c1eced5d43958971aac10e05b) Importer(815301076,1909f56bfc062723c751e8b465ee728b)  -> (artifact id: '5fa773e6f34b5033bb2fa5e52e188648') in 0.034397 seconds 
  Import took 0.040931 seconds .

========================================================================
Received Import Request.
  Time since last request: 0.000566 seconds.
  path: Assets/Sprits/ucrania.png
  artifactKey: Guid(886241065dd15af45ab82c6ab5f40aca) Importer(815301076,1909f56bfc062723c751e8b465ee728b)
Start importing Assets/Sprits/ucrania.png using Guid(886241065dd15af45ab82c6ab5f40aca) Importer(815301076,1909f56bfc062723c751e8b465ee728b)  -> (artifact id: '4b0877b9587ff103738ef0b007367e24') in 0.018428 seconds 
  Import took 0.025272 seconds .

========================================================================
Received Import Request.
  Time since last request: 0.000558 seconds.
  path: Assets/Sprits/icon-russia.png
  artifactKey: Guid(db719cb2e4ba89341b48c35e68bbda5b) Importer(815301076,1909f56bfc062723c751e8b465ee728b)
Start importing Assets/Sprits/icon-russia.png using Guid(db719cb2e4ba89341b48c35e68bbda5b) Importer(815301076,1909f56bfc062723c751e8b465ee728b)  -> (artifact id: '8a853410a2e13e649ce66b0e3b1fe23e') in 0.020680 seconds 
  Import took 0.027979 seconds .

========================================================================
Received Import Request.
  Time since last request: 0.000601 seconds.
  path: Assets/Sprits/logo.png
  artifactKey: Guid(ceeadfe9bb54c42459ec9a8a8608d77b) Importer(815301076,1909f56bfc062723c751e8b465ee728b)
Start importing Assets/Sprits/logo.png using Guid(ceeadfe9bb54c42459ec9a8a8608d77b) Importer(815301076,1909f56bfc062723c751e8b465ee728b)  -> (artifact id: '57ee8e3082ce04d42ec383677aa242b1') in 0.018877 seconds 
  Import took 0.025433 seconds .

========================================================================
Received Import Request.
  Time since last request: 0.000626 seconds.
  path: Assets/Sprits/tank-topo.png
  artifactKey: Guid(7d0c0cd0c1c4a29489badacf957b65f7) Importer(815301076,1909f56bfc062723c751e8b465ee728b)
Start importing Assets/Sprits/tank-topo.png using Guid(7d0c0cd0c1c4a29489badacf957b65f7) Importer(815301076,1909f56bfc062723c751e8b465ee728b)  -> (artifact id: 'b885813b25d516293f91e0a88c3c25c0') in 0.018848 seconds 
  Import took 0.025245 seconds .

========================================================================
Received Import Request.
  Time since last request: 0.000555 seconds.
  path: Assets/Sprits/bg-game.png
  artifactKey: Guid(0af4f26b95b23bf40a9be391f99d6550) Importer(815301076,1909f56bfc062723c751e8b465ee728b)
Start importing Assets/Sprits/bg-game.png using Guid(0af4f26b95b23bf40a9be391f99d6550) Importer(815301076,1909f56bfc062723c751e8b465ee728b)  -> (artifact id: '77704d4f7c1e0e682b7fe908a74bf9e5') in 0.038545 seconds 
  Import took 0.045307 seconds .

========================================================================
Received Import Request.
  Time since last request: 0.000552 seconds.
  path: Assets/Sprits/grade.png
  artifactKey: Guid(503ffde742e80014ba524bc7c2b6d39e) Importer(815301076,1909f56bfc062723c751e8b465ee728b)
Start importing Assets/Sprits/grade.png using Guid(503ffde742e80014ba524bc7c2b6d39e) Importer(815301076,1909f56bfc062723c751e8b465ee728b)  -> (artifact id: '5d5d0481836a261152db617f8ed13d21') in 0.018092 seconds 
  Import took 0.024918 seconds .

========================================================================
Received Import Request.
  Time since last request: 0.000551 seconds.
  path: Assets/Sprits/tank-base.png
  artifactKey: Guid(95ed8d71a867c364bba0afe29c09749f) Importer(815301076,1909f56bfc062723c751e8b465ee728b)
Start importing Assets/Sprits/tank-base.png using Guid(95ed8d71a867c364bba0afe29c09749f) Importer(815301076,1909f56bfc062723c751e8b465ee728b)  -> (artifact id: '894d08c11922f8ff52969efb8a164505') in 0.016881 seconds 
  Import took 0.023206 seconds .

========================================================================
Received Import Request.
  Time since last request: 0.000516 seconds.
  path: Assets/Sprits/parede.png
  artifactKey: Guid(e9ec6a7ec19ef3d4286c0c9b5bb3f0a8) Importer(815301076,1909f56bfc062723c751e8b465ee728b)
Start importing Assets/Sprits/parede.png using Guid(e9ec6a7ec19ef3d4286c0c9b5bb3f0a8) Importer(815301076,1909f56bfc062723c751e8b465ee728b)  -> (artifact id: '4b76417a3430187fc94cc89847b1119c') in 0.016867 seconds 
  Import took 0.023345 seconds .

========================================================================
Received Import Request.
  Time since last request: 0.000561 seconds.
  path: Assets/Sprits/BASE.png
  artifactKey: Guid(df04a968cdb2c814ab60eef38149ee14) Importer(815301076,1909f56bfc062723c751e8b465ee728b)
Start importing Assets/Sprits/BASE.png using Guid(df04a968cdb2c814ab60eef38149ee14) Importer(815301076,1909f56bfc062723c751e8b465ee728b)  -> (artifact id: 'bb386e32cdf8281e83fef954fec592a2') in 0.019163 seconds 
  Import took 0.027362 seconds .

========================================================================
Received Import Request.
  Time since last request: 233.595026 seconds.
  path: Assets/Sprits/BASE_Ucrania.png
  artifactKey: Guid(c1af3d956212ee04f9e72e4fe2b77c98) Importer(815301076,1909f56bfc062723c751e8b465ee728b)
Start importing Assets/Sprits/BASE_Ucrania.png using Guid(c1af3d956212ee04f9e72e4fe2b77c98) Importer(815301076,1909f56bfc062723c751e8b465ee728b)  -> (artifact id: '4508668eb2a913527e046d98d5735137') in 0.017525 seconds 
  Import took 0.025888 seconds .

========================================================================
Received Import Request.
  Time since last request: 258.080910 seconds.
  path: Assets/Sprits/parede-f.png
  artifactKey: Guid(bf08ef358ace456429b5643206293a46) Importer(815301076,1909f56bfc062723c751e8b465ee728b)
Start importing Assets/Sprits/parede-f.png using Guid(bf08ef358ace456429b5643206293a46) Importer(815301076,1909f56bfc062723c751e8b465ee728b)  -> (artifact id: '2f6fef2ff5da29527f00905aac388de5') in 0.017975 seconds 
  Import took 0.031469 seconds .

========================================================================
Received Import Request.
  Time since last request: 15.745081 seconds.
  path: Assets/Scenes/Game.unity
  artifactKey: Guid(a7afc74dedff73a4695a8e48c683e19d) Importer(815301076,1909f56bfc062723c751e8b465ee728b)
Start importing Assets/Scenes/Game.unity using Guid(a7afc74dedff73a4695a8e48c683e19d) Importer(815301076,1909f56bfc062723c751e8b465ee728b)  -> (artifact id: '6fd4184e816669b0194bc705e555584d') in 0.004346 seconds 
  Import took 0.030326 seconds .

========================================================================
Received Import Request.
  Time since last request: 247.122461 seconds.
  path: Assets/Prefab/Resources/BASE_Ucrania.prefab
  artifactKey: Guid(f044cb1f3af55bd42a3001dac40bf3a9) Importer(815301076,1909f56bfc062723c751e8b465ee728b)
Start importing Assets/Prefab/Resources/BASE_Ucrania.prefab using Guid(f044cb1f3af55bd42a3001dac40bf3a9) Importer(815301076,1909f56bfc062723c751e8b465ee728b)  -> (artifact id: '890a1e5f9482dbfcd66c4df7406fa6d3') in 0.015449 seconds 
  Import took 0.022996 seconds .

========================================================================
Received Import Request.
  Time since last request: 27.959650 seconds.
  path: Assets/Prefab/Resources/parede-f.prefab
  artifactKey: Guid(6eef5830bba8906409ba2b6779cb60f8) Importer(815301076,1909f56bfc062723c751e8b465ee728b)
Start importing Assets/Prefab/Resources/parede-f.prefab using Guid(6eef5830bba8906409ba2b6779cb60f8) Importer(815301076,1909f56bfc062723c751e8b465ee728b)  -> (artifact id: 'f15dc734e4dcd55d574516c379301d25') in 0.017935 seconds 
  Import took 0.027642 seconds .

========================================================================
Received Import Request.
  Time since last request: 178.930096 seconds.
  path: Assets/Photon/PhotonUnityNetworking/Demos/DemoHub/Sprites/toHub.png
  artifactKey: Guid(9587663c4d27e47b19a118aabaac4a08) Importer(815301076,1909f56bfc062723c751e8b465ee728b)
Start importing Assets/Photon/PhotonUnityNetworking/Demos/DemoHub/Sprites/toHub.png using Guid(9587663c4d27e47b19a118aabaac4a08) Importer(815301076,1909f56bfc062723c751e8b465ee728b)  -> (artifact id: '6fdd027f2a12dbbeaf1971ee2d5a4a81') in 0.036091 seconds 
  Import took 0.044093 seconds .

========================================================================
Received Import Request.
  Time since last request: 0.128205 seconds.
  path: Assets/Photon/PhotonUnityNetworking/Icons/PunIconApp512.png
  artifactKey: Guid(7377013011b4c3348809ff574abe799e) Importer(815301076,1909f56bfc062723c751e8b465ee728b)
Start importing Assets/Photon/PhotonUnityNetworking/Icons/PunIconApp512.png using Guid(7377013011b4c3348809ff574abe799e) Importer(815301076,1909f56bfc062723c751e8b465ee728b)  -> (artifact id: '9779fce63236e86d7ea6f7b08d3a2f31') in 0.025222 seconds 
  Import took 0.033642 seconds .

AssetImportWorkerClient::OnTransportError - code=2 error=End of file
